<?xml version="1.0" encoding="UTF-8"?>
<testsuite xmlns:xsi="http://www.w3.org/2001/XMLSchema-instance" xsi:noNamespaceSchemaLocation="https://maven.apache.org/surefire/maven-surefire-plugin/xsd/surefire-test-report-3.0.xsd" version="3.0" name="com.prova.banco.test.ContaBancariaTest" time="0.277" tests="14" errors="0" skipped="0" failures="0">
  <properties>
[...]
</properties>
  <testcase name="depositoNegativo" classname="com.prova.banco.test.ContaBancariaTest" time="0.077">
    <system-out><![CDATA[Teste finalizado.
]]></system-out>
  </testcase>
  <testcase name="saqueBemSucedido" classname="com.prova.banco.test.ContaBancariaTest" time="0.006">
    <system-out><![CDATA[Teste finalizado.
]]></system-out>
  </testcase>
  <testcase name="construtorSaldoPositivo" classname="com.prova.banco.test.ContaBancariaTest" time="0.003">
    <system-out><![CDATA[Teste finalizado.
]]></system-out>
  </testcase>
  <testcase name="construtorSaldoNegativo" classname="com.prova.banco.test.ContaBancariaTest" time="0.006">
    <system-out><![CDATA[Teste finalizado.
]]></system-out>
  </testcase>
  <testcase name="transferenciaDestinoNulo" classname="com.prova.banco.test.ContaBancariaTest" time="0.01">
    <system-out><![CDATA[Teste finalizado.
]]></system-out>
  </testcase>
  <testcase name="depositoBemSucedido" classname="com.prova.banco.test.ContaBancariaTest" time="0.007">
    <system-out><![CDATA[Teste finalizado.
]]></system-out>
  </testcase>
  <testcase name="saqueMaiorQueSaldo" classname="com.prova.banco.test.ContaBancariaTest" time="0.016">
    <system-out><![CDATA[Teste finalizado.
]]></system-out>
  </testcase>
  <testcase name="transferenciaSaldoInsuficiente" classname="com.prova.banco.test.ContaBancariaTest" time="0.013">
    <system-out><![CDATA[Teste finalizado.
]]></system-out>
  </testcase>
  <testcase name="depositoZero" classname="com.prova.banco.test.ContaBancariaTest" time="0.006">
    <system-out><![CDATA[Teste finalizado.
]]></system-out>
  </testcase>
  <testcase name="saqueZero" classname="com.prova.banco.test.ContaBancariaTest" time="0.008">
    <system-out><![CDATA[Teste finalizado.
]]></system-out>
  </testcase>
  <testcase name="saqueNegativo" classname="com.prova.banco.test.ContaBancariaTest" time="0.006">
    <system-out><![CDATA[Teste finalizado.
]]></system-out>
  </testcase>
  <testcase name="transferenciaBemSucedida" classname="com.prova.banco.test.ContaBancariaTest" time="0.004">
    <system-out><![CDATA[Teste finalizado.
]]></system-out>
  </testcase>
  <testcase name="construtorSaldoZero" classname="com.prova.banco.test.ContaBancariaTest" time="0.004">
    <system-out><![CDATA[Teste finalizado.
]]></system-out>
  </testcase>
  <testcase name="transferenciaValorNegativo" classname="com.prova.banco.test.ContaBancariaTest" time="0.003">
    <system-out><![CDATA[Teste finalizado.
]]></system-out>
  </testcase>
</testsuite>